/home2/sanchit27/miniconda3/lib/python3.10/site-packages/transformers/utils/hub.py:127: FutureWarning: Using `TRANSFORMERS_CACHE` is deprecated and will be removed in v5 of Transformers. Use `HF_HOME` instead.
  warnings.warn(
/home2/sanchit27/miniconda3/lib/python3.10/site-packages/arviz/__init__.py:50: FutureWarning: 
ArviZ is undergoing a major refactor to improve flexibility and extensibility while maintaining a user-friendly interface.
Some upcoming changes may be backward incompatible.
For details and migration guidance, visit: https://python.arviz.org/en/latest/user_guide/migration_guide.html
  warn(
16:31:59  INFO      pipeline — Running steps: [6]
16:32:01  INFO      pipeline — ============================================================
16:32:01  INFO      pipeline — STEP 6 — Bayesian Hierarchical Modeling
16:32:01  INFO      pipeline — ============================================================
16:32:01  INFO      pipeline — Loading cached Bayesian model: baseline
16:32:03  INFO      pipeline — Loading cached Bayesian model: deep_gpt2
16:32:03  INFO      pipeline — Loading cached Bayesian model: deep_bert
16:32:03  INFO      pipeline — Loading cached Bayesian model: deep_t5
16:32:04  INFO      pipeline — Loading cached Bayesian model: surprisal_vs_ic
16:32:04  INFO      pipeline — Loading cached Bayesian model: surprisal_vs_entropy_gpt2
16:32:04  INFO      pipeline — Loading cached Bayesian model: surprisal_vs_entropy_bert
16:32:05  INFO      pipeline — Loading cached Bayesian model: surprisal_vs_entropy_t5
16:32:05  INFO      pipeline — Loading cached Bayesian model: full
16:32:05  INFO      pipeline — Running LOO-CV model comparison …
16:32:06  INFO      src.bayesian_model — Model comparison:
                           rank     elpd_loo      p_loo   elpd_diff        weight          se         dse  warning scale
surprisal_vs_entropy_gpt2     0 -1207.358086  11.572514    0.000000  3.390356e-01  130.928427    0.000000    False   log
deep_gpt2                     1 -1210.597929  11.545396    3.239843  2.587443e-12  131.014032    3.097620    False   log
surprisal_vs_entropy_t5       2 -1334.196363   5.033788  126.838278  3.443064e-01  137.919760  189.962925    False   log
deep_t5                       3 -1338.379512   4.977421  131.021427  0.000000e+00  137.968331  189.999883    False   log
deep_bert                     4 -1364.587540   5.030268  157.229455  1.507005e-12  138.234106  190.223839    False   log
surprisal_vs_entropy_bert     5 -1365.011988   5.043685  157.653903  1.680409e-12  138.229084  190.218691    False   log
baseline                      6 -1371.941032   5.041893  164.582946  2.262736e-12  138.361285  190.294927    False   log
full                          7 -1388.812390  17.626496  181.454305  3.166580e-01  133.502134  187.194624    False   log
surprisal_vs_ic               8 -1434.448449  17.319810  227.090363  1.320506e-11  133.743287  187.354362    False   log
16:32:06  INFO      pipeline — Model comparison saved.
16:32:06  INFO      pipeline — Pipeline complete.
