==========================================
SLURM_JOB_ID = 2608072
SLURM_NODELIST = gnode077
SLURM_JOB_GPUS = 
==========================================
Time at entrypoint: Wed Apr 15 01:23:18 PM IST 2026
Working directory: /home2/sanchit27/CP_Project
/home2/sanchit27/miniconda3/lib/python3.10/site-packages/transformers/utils/hub.py:127: FutureWarning: Using `TRANSFORMERS_CACHE` is deprecated and will be removed in v5 of Transformers. Use `HF_HOME` instead.
  warnings.warn(
13:23:36  INFO      pipeline — Running steps: [6]
13:23:38  INFO      pipeline — ============================================================
13:23:38  INFO      pipeline — STEP 6 — Bayesian Hierarchical Modeling
13:23:38  INFO      pipeline — ============================================================
13:23:38  INFO      pipeline — Fitting Bayesian model: baseline  predictors=['ngram_surprisal']
13:23:38  INFO      src.bayesian_model — Fitting on 835700 observations after dropping NaN rows.
13:23:40  INFO      src.bayesian_model — Sampling: 2000 draws, 1000 tune, 4 chains (target_accept=0.90) …
Initializing NUTS using jitter+adapt_diag...
13:23:41  INFO      pymc.sampling.mcmc — Initializing NUTS using jitter+adapt_diag...
Multiprocess sampling (4 chains in 4 jobs)
13:23:43  INFO      pymc.sampling.mcmc — Multiprocess sampling (4 chains in 4 jobs)
NUTS: [intercept, beta_ngram_surprisal, sigma_u0, u0_raw, sigma_eps]
13:23:43  INFO      pymc.sampling.mcmc — NUTS: [intercept, beta_ngram_surprisal, sigma_u0, u0_raw, sigma_eps]
                                                                                
                              Step      Grad      Sampli…                       
  Progre…   Draws   Diverg…   size      evals     Speed     Elapsed   Remaini…  
 ────────────────────────────────────────────────────────────────────────────── 
  ━━━━━━━   3000    0         0.04      127       3.23      2:41:40   0:00:00   
                                                  s/draws                       
  ━━━━━━━   3000    0         0.02      63        2.08      1:44:07   0:00:00   
                                                  s/draws                       
  ━━━━━━━   3000    0         0.01      127       3.20      2:40:06   0:00:00   
                                                  s/draws                       
  ━━━━━━━   3000    0         0.01      511       3.97      3:18:28   0:00:00   
                                                  s/draws                       
                                                                                
Sampling 4 chains for 1_000 tune and 2_000 draw iterations (4_000 + 8_000 draws total) took 11909 seconds.
16:42:12  INFO      pymc.sampling.mcmc — Sampling 4 chains for 1_000 tune and 2_000 draw iterations (4_000 + 8_000 draws total) took 11909 seconds.
The rhat statistic is larger than 1.01 for some parameters. This indicates problems during sampling. See https://arxiv.org/abs/1903.08008 for details
16:42:15  INFO      pymc.stats.convergence — The rhat statistic is larger than 1.01 for some parameters. This indicates problems during sampling. See https://arxiv.org/abs/1903.08008 for details
The effective sample size per chain is smaller than 100 for some parameters.  A higher number is needed for reliable rhat and ess computation. See https://arxiv.org/abs/1903.08008 for details
16:42:15  ERROR     pymc.stats.convergence — The effective sample size per chain is smaller than 100 for some parameters.  A higher number is needed for reliable rhat and ess computation. See https://arxiv.org/abs/1903.08008 for details
16:42:15  INFO      src.bayesian_model — Computing subsampled LOO …
16:42:24  INFO      src.bayesian_model — LOO subsample: 20000 / 835700 obs, log_lik array 1280.0 MB
16:42:24  INFO      src.bayesian_model — reff=0.010
/home2/sanchit27/miniconda3/lib/python3.10/site-packages/arviz/stats/stats.py:1042: RuntimeWarning: overflow encountered in exp
  weights = 1 / np.exp(len_scale - len_scale[:, None]).sum(axis=1)
/home2/sanchit27/miniconda3/lib/python3.10/site-packages/numpy/_core/_methods.py:52: RuntimeWarning: overflow encountered in reduce
  return umr_sum(a, axis, dtype, out, keepdims, initial, where)
16:43:09  INFO      src.bayesian_model — LOO ELPD=-1371.94 (SE=138.36)
16:43:09  INFO      src.bayesian_model — Sampling complete.
16:43:10  INFO      src.bayesian_model — Saved InferenceData to /tmp/psycholingu/results/metrics/06_bayes_baseline.nc
16:43:23  INFO      src.bayesian_model — Saved posterior plot to /tmp/psycholingu/results/figures/posterior_betas.png
16:43:24  INFO      src.bayesian_model — Saved forest plot to /tmp/psycholingu/results/figures/forest_plot.png
16:43:24  INFO      pipeline — Fitting Bayesian model: deep_gpt2  predictors=['gpt2_surprisal']
16:43:24  INFO      src.bayesian_model — Fitting on 600421 observations after dropping NaN rows.
16:43:25  INFO      src.bayesian_model — Sampling: 2000 draws, 1000 tune, 4 chains (target_accept=0.90) …
Initializing NUTS using jitter+adapt_diag...
16:43:26  INFO      pymc.sampling.mcmc — Initializing NUTS using jitter+adapt_diag...
Multiprocess sampling (4 chains in 4 jobs)
16:43:27  INFO      pymc.sampling.mcmc — Multiprocess sampling (4 chains in 4 jobs)
NUTS: [intercept, beta_gpt2_surprisal, sigma_u0, u0_raw, sigma_slope_gpt2_surprisal, u_slope_raw_gpt2_surprisal, sigma_eps]
16:43:27  INFO      pymc.sampling.mcmc — NUTS: [intercept, beta_gpt2_surprisal, sigma_u0, u0_raw, sigma_slope_gpt2_surprisal, u_slope_raw_gpt2_surprisal, sigma_eps]
                                                                                
                              Step      Grad      Sampli…                       
  Progre…   Draws   Diverg…   size      evals     Speed     Elapsed   Remaini…  
 ────────────────────────────────────────────────────────────────────────────── 
  ━━━━━━━   3000    0         0.04      127       2.01      1:40:28   0:00:00   
                                                  s/draws                       
  ━━━━━━━   3000    0         0.05      127       2.19      1:49:38   0:00:00   
                                                  s/draws                       
  ━━━━━━━   3000    0         0.03      127       1.39      1:09:30   0:00:00   
                                                  s/draws                       
  ━━━━━━━   3000    0         0.03      127       1.95      1:37:22   0:00:00   
                                                  s/draws                       
                                                                                
Sampling 4 chains for 1_000 tune and 2_000 draw iterations (4_000 + 8_000 draws total) took 6579 seconds.
18:33:07  INFO      pymc.sampling.mcmc — Sampling 4 chains for 1_000 tune and 2_000 draw iterations (4_000 + 8_000 draws total) took 6579 seconds.
The rhat statistic is larger than 1.01 for some parameters. This indicates problems during sampling. See https://arxiv.org/abs/1903.08008 for details
18:33:10  INFO      pymc.stats.convergence — The rhat statistic is larger than 1.01 for some parameters. This indicates problems during sampling. See https://arxiv.org/abs/1903.08008 for details
The effective sample size per chain is smaller than 100 for some parameters.  A higher number is needed for reliable rhat and ess computation. See https://arxiv.org/abs/1903.08008 for details
18:33:10  ERROR     pymc.stats.convergence — The effective sample size per chain is smaller than 100 for some parameters.  A higher number is needed for reliable rhat and ess computation. See https://arxiv.org/abs/1903.08008 for details
18:33:10  INFO      src.bayesian_model — Computing subsampled LOO …
18:33:23  INFO      src.bayesian_model — LOO subsample: 20000 / 600421 obs, log_lik array 1280.0 MB
18:33:23  INFO      src.bayesian_model — reff=0.010
/home2/sanchit27/miniconda3/lib/python3.10/site-packages/arviz/stats/stats.py:1042: RuntimeWarning: overflow encountered in exp
  weights = 1 / np.exp(len_scale - len_scale[:, None]).sum(axis=1)
/home2/sanchit27/miniconda3/lib/python3.10/site-packages/numpy/_core/_methods.py:52: RuntimeWarning: overflow encountered in reduce
  return umr_sum(a, axis, dtype, out, keepdims, initial, where)
18:34:07  INFO      src.bayesian_model — LOO ELPD=-1210.60 (SE=131.01)
18:34:07  INFO      src.bayesian_model — Sampling complete.
18:34:09  INFO      src.bayesian_model — Saved InferenceData to /tmp/psycholingu/results/metrics/06_bayes_deep_gpt2.nc
18:34:25  INFO      src.bayesian_model — Saved posterior plot to /tmp/psycholingu/results/figures/posterior_betas.png
18:34:25  INFO      src.bayesian_model — Saved forest plot to /tmp/psycholingu/results/figures/forest_plot.png
18:34:25  INFO      pipeline — Fitting Bayesian model: deep_bert  predictors=['bert_base_uncased_surprisal']
18:34:25  INFO      src.bayesian_model — Fitting on 835700 observations after dropping NaN rows.
18:34:27  INFO      src.bayesian_model — Sampling: 2000 draws, 1000 tune, 4 chains (target_accept=0.90) …
Initializing NUTS using jitter+adapt_diag...
18:34:27  INFO      pymc.sampling.mcmc — Initializing NUTS using jitter+adapt_diag...
Multiprocess sampling (4 chains in 4 jobs)
18:34:28  INFO      pymc.sampling.mcmc — Multiprocess sampling (4 chains in 4 jobs)
NUTS: [intercept, beta_bert_base_uncased_surprisal, sigma_u0, u0_raw, sigma_eps]
18:34:28  INFO      pymc.sampling.mcmc — NUTS: [intercept, beta_bert_base_uncased_surprisal, sigma_u0, u0_raw, sigma_eps]
                                                                                
                              Step      Grad      Sampli…                       
  Progre…   Draws   Diverg…   size      evals     Speed     Elapsed   Remaini…  
 ────────────────────────────────────────────────────────────────────────────── 
  ━━━━━━━   3000    0         0.02      127       3.16      2:37:52   0:00:00   
                                                  s/draws                       
  ━━━━━━━   3000    0         0.04      127       2.34      1:56:53   0:00:00   
                                                  s/draws                       
  ━━━━━━━   3000    0         0.02      63        2.08      1:43:45   0:00:00   
                                                  s/draws                       
  ━━━━━━━   3000    0         0.02      255       3.27      2:43:32   0:00:00   
                                                  s/draws                       
                                                                                
Sampling 4 chains for 1_000 tune and 2_000 draw iterations (4_000 + 8_000 draws total) took 9813 seconds.
21:18:01  INFO      pymc.sampling.mcmc — Sampling 4 chains for 1_000 tune and 2_000 draw iterations (4_000 + 8_000 draws total) took 9813 seconds.
The rhat statistic is larger than 1.01 for some parameters. This indicates problems during sampling. See https://arxiv.org/abs/1903.08008 for details
21:18:04  INFO      pymc.stats.convergence — The rhat statistic is larger than 1.01 for some parameters. This indicates problems during sampling. See https://arxiv.org/abs/1903.08008 for details
The effective sample size per chain is smaller than 100 for some parameters.  A higher number is needed for reliable rhat and ess computation. See https://arxiv.org/abs/1903.08008 for details
21:18:04  ERROR     pymc.stats.convergence — The effective sample size per chain is smaller than 100 for some parameters.  A higher number is needed for reliable rhat and ess computation. See https://arxiv.org/abs/1903.08008 for details
21:18:04  INFO      src.bayesian_model — Computing subsampled LOO …
21:18:13  INFO      src.bayesian_model — LOO subsample: 20000 / 835700 obs, log_lik array 1280.0 MB
21:18:13  INFO      src.bayesian_model — reff=0.010
/home2/sanchit27/miniconda3/lib/python3.10/site-packages/arviz/stats/stats.py:1042: RuntimeWarning: overflow encountered in exp
  weights = 1 / np.exp(len_scale - len_scale[:, None]).sum(axis=1)
21:18:58  INFO      src.bayesian_model — LOO ELPD=-1364.59 (SE=138.23)
21:18:58  INFO      src.bayesian_model — Sampling complete.
21:19:00  INFO      src.bayesian_model — Saved InferenceData to /tmp/psycholingu/results/metrics/06_bayes_deep_bert.nc
21:19:16  INFO      src.bayesian_model — Saved posterior plot to /tmp/psycholingu/results/figures/posterior_betas.png
21:19:17  INFO      src.bayesian_model — Saved forest plot to /tmp/psycholingu/results/figures/forest_plot.png
21:19:17  INFO      pipeline — Fitting Bayesian model: deep_t5  predictors=['t5_base_surprisal']
21:19:17  INFO      src.bayesian_model — Fitting on 835700 observations after dropping NaN rows.
21:19:18  INFO      src.bayesian_model — Sampling: 2000 draws, 1000 tune, 4 chains (target_accept=0.90) …
Initializing NUTS using jitter+adapt_diag...
21:19:18  INFO      pymc.sampling.mcmc — Initializing NUTS using jitter+adapt_diag...
Multiprocess sampling (4 chains in 4 jobs)
21:19:20  INFO      pymc.sampling.mcmc — Multiprocess sampling (4 chains in 4 jobs)
NUTS: [intercept, beta_t5_base_surprisal, sigma_u0, u0_raw, sigma_eps]
21:19:20  INFO      pymc.sampling.mcmc — NUTS: [intercept, beta_t5_base_surprisal, sigma_u0, u0_raw, sigma_eps]
                                                                                
                              Step      Grad      Sampli…                       
  Progre…   Draws   Diverg…   size      evals     Speed     Elapsed   Remaini…  
 ────────────────────────────────────────────────────────────────────────────── 
  ━━━━━━━   3000    0         0.06      127       2.88      2:24:03   0:00:00   
                                                  s/draws                       
  ━━━━━━━   3000    0         0.03      127       2.80      2:20:07   0:00:00   
                                                  s/draws                       
  ━━━━━━━   3000    0         0.03      255       3.37      2:48:29   0:00:00   
                                                  s/draws                       
  ━━━━━━━   3000    0         0.03      127       2.69      2:14:29   0:00:00   
                                                  s/draws                       
                                                                                
Sampling 4 chains for 1_000 tune and 2_000 draw iterations (4_000 + 8_000 draws total) took 10109 seconds.
00:07:49  INFO      pymc.sampling.mcmc — Sampling 4 chains for 1_000 tune and 2_000 draw iterations (4_000 + 8_000 draws total) took 10109 seconds.
The rhat statistic is larger than 1.01 for some parameters. This indicates problems during sampling. See https://arxiv.org/abs/1903.08008 for details
00:07:52  INFO      pymc.stats.convergence — The rhat statistic is larger than 1.01 for some parameters. This indicates problems during sampling. See https://arxiv.org/abs/1903.08008 for details
The effective sample size per chain is smaller than 100 for some parameters.  A higher number is needed for reliable rhat and ess computation. See https://arxiv.org/abs/1903.08008 for details
00:07:52  ERROR     pymc.stats.convergence — The effective sample size per chain is smaller than 100 for some parameters.  A higher number is needed for reliable rhat and ess computation. See https://arxiv.org/abs/1903.08008 for details
00:07:52  INFO      src.bayesian_model — Computing subsampled LOO …
00:08:01  INFO      src.bayesian_model — LOO subsample: 20000 / 835700 obs, log_lik array 1280.0 MB
00:08:01  INFO      src.bayesian_model — reff=0.010
/home2/sanchit27/miniconda3/lib/python3.10/site-packages/arviz/stats/stats.py:1042: RuntimeWarning: overflow encountered in exp
  weights = 1 / np.exp(len_scale - len_scale[:, None]).sum(axis=1)
/home2/sanchit27/miniconda3/lib/python3.10/site-packages/numpy/_core/_methods.py:52: RuntimeWarning: overflow encountered in reduce
  return umr_sum(a, axis, dtype, out, keepdims, initial, where)
00:08:45  INFO      src.bayesian_model — LOO ELPD=-1338.38 (SE=137.97)
00:08:45  INFO      src.bayesian_model — Sampling complete.
00:08:46  INFO      src.bayesian_model — Saved InferenceData to /tmp/psycholingu/results/metrics/06_bayes_deep_t5.nc
00:09:04  INFO      src.bayesian_model — Saved posterior plot to /tmp/psycholingu/results/figures/posterior_betas.png
00:09:04  INFO      src.bayesian_model — Saved forest plot to /tmp/psycholingu/results/figures/forest_plot.png
00:09:04  INFO      pipeline — Fitting Bayesian model: surprisal_vs_ic  predictors=['gpt2_surprisal', 'integration_cost']
00:09:04  WARNING   src.bayesian_model — Predictors missing from DataFrame (will skip): {'integration_cost'}
00:09:04  INFO      src.bayesian_model — Fitting on 600421 observations after dropping NaN rows.
00:09:06  INFO      src.bayesian_model — Sampling: 2000 draws, 1000 tune, 4 chains (target_accept=0.90) …
Initializing NUTS using jitter+adapt_diag...
00:09:06  INFO      pymc.sampling.mcmc — Initializing NUTS using jitter+adapt_diag...
Multiprocess sampling (4 chains in 4 jobs)
00:09:08  INFO      pymc.sampling.mcmc — Multiprocess sampling (4 chains in 4 jobs)
NUTS: [intercept, beta_gpt2_surprisal, sigma_u0, u0_raw, sigma_slope_gpt2_surprisal, u_slope_raw_gpt2_surprisal, sigma_eps]
00:09:08  INFO      pymc.sampling.mcmc — NUTS: [intercept, beta_gpt2_surprisal, sigma_u0, u0_raw, sigma_slope_gpt2_surprisal, u_slope_raw_gpt2_surprisal, sigma_eps]
                                                                                
                              Step      Grad      Sampli…                       
  Progre…   Draws   Diverg…   size      evals     Speed     Elapsed   Remaini…  
 ────────────────────────────────────────────────────────────────────────────── 
  ━━━━━━━   3000    0         0.04      127       2.38      1:58:54   0:00:00   
                                                  s/draws                       
  ━━━━━━━   3000    0         0.05      127       2.64      2:12:11   0:00:00   
                                                  s/draws                       
  ━━━━━━━   3000    0         0.03      127       1.74      1:26:59   0:00:00   
                                                  s/draws                       
  ━━━━━━━   3000    0         0.03      127       2.31      1:55:36   0:00:00   
                                                  s/draws                       
                                                                                
Sampling 4 chains for 1_000 tune and 2_000 draw iterations (4_000 + 8_000 draws total) took 7932 seconds.
02:21:19  INFO      pymc.sampling.mcmc — Sampling 4 chains for 1_000 tune and 2_000 draw iterations (4_000 + 8_000 draws total) took 7932 seconds.
The rhat statistic is larger than 1.01 for some parameters. This indicates problems during sampling. See https://arxiv.org/abs/1903.08008 for details
02:21:23  INFO      pymc.stats.convergence — The rhat statistic is larger than 1.01 for some parameters. This indicates problems during sampling. See https://arxiv.org/abs/1903.08008 for details
The effective sample size per chain is smaller than 100 for some parameters.  A higher number is needed for reliable rhat and ess computation. See https://arxiv.org/abs/1903.08008 for details
02:21:23  ERROR     pymc.stats.convergence — The effective sample size per chain is smaller than 100 for some parameters.  A higher number is needed for reliable rhat and ess computation. See https://arxiv.org/abs/1903.08008 for details
02:21:23  INFO      src.bayesian_model — Computing subsampled LOO …
02:21:35  INFO      src.bayesian_model — LOO subsample: 20000 / 600421 obs, log_lik array 1280.0 MB
02:21:35  INFO      src.bayesian_model — reff=0.010
/home2/sanchit27/miniconda3/lib/python3.10/site-packages/arviz/stats/stats.py:1042: RuntimeWarning: overflow encountered in exp
  weights = 1 / np.exp(len_scale - len_scale[:, None]).sum(axis=1)
/home2/sanchit27/miniconda3/lib/python3.10/site-packages/numpy/_core/_methods.py:52: RuntimeWarning: overflow encountered in reduce
  return umr_sum(a, axis, dtype, out, keepdims, initial, where)
02:22:21  INFO      src.bayesian_model — LOO ELPD=-1210.60 (SE=131.01)
02:22:21  INFO      src.bayesian_model — Sampling complete.
02:22:22  INFO      src.bayesian_model — Saved InferenceData to /tmp/psycholingu/results/metrics/06_bayes_surprisal_vs_ic.nc
02:22:39  INFO      src.bayesian_model — Saved posterior plot to /tmp/psycholingu/results/figures/posterior_betas.png
02:22:39  INFO      src.bayesian_model — Saved forest plot to /tmp/psycholingu/results/figures/forest_plot.png
02:22:39  INFO      pipeline — Fitting Bayesian model: surprisal_vs_entropy_gpt2  predictors=['gpt2_surprisal', 'gpt2_entropy']
02:22:39  INFO      src.bayesian_model — Fitting on 600421 observations after dropping NaN rows.
02:22:41  INFO      src.bayesian_model — Sampling: 2000 draws, 1000 tune, 4 chains (target_accept=0.90) …
Initializing NUTS using jitter+adapt_diag...
02:22:41  INFO      pymc.sampling.mcmc — Initializing NUTS using jitter+adapt_diag...
Multiprocess sampling (4 chains in 4 jobs)
02:22:47  INFO      pymc.sampling.mcmc — Multiprocess sampling (4 chains in 4 jobs)
NUTS: [intercept, beta_gpt2_surprisal, beta_gpt2_entropy, sigma_u0, u0_raw, sigma_slope_gpt2_surprisal, u_slope_raw_gpt2_surprisal, sigma_eps]
02:22:47  INFO      pymc.sampling.mcmc — NUTS: [intercept, beta_gpt2_surprisal, beta_gpt2_entropy, sigma_u0, u0_raw, sigma_slope_gpt2_surprisal, u_slope_raw_gpt2_surprisal, sigma_eps]
                                                                                
                              Step      Grad      Sampli…                       
  Progre…   Draws   Diverg…   size      evals     Speed     Elapsed   Remaini…  
 ────────────────────────────────────────────────────────────────────────────── 
  ━━━━━━━   3000    0         0.03      127       2.97      2:28:30   0:00:00   
                                                  s/draws                       
  ━━━━━━━   3000    0         0.02      127       2.17      1:48:39   0:00:00   
                                                  s/draws                       
  ━━━━━━━   3000    0         0.03      127       1.96      1:37:45   0:00:00   
                                                  s/draws                       
  ━━━━━━━   3000    0         0.04      127       3.16      2:38:05   0:00:00   
                                                  s/draws                       
                                                                                
Sampling 4 chains for 1_000 tune and 2_000 draw iterations (4_000 + 8_000 draws total) took 9486 seconds.
05:00:52  INFO      pymc.sampling.mcmc — Sampling 4 chains for 1_000 tune and 2_000 draw iterations (4_000 + 8_000 draws total) took 9486 seconds.
The rhat statistic is larger than 1.01 for some parameters. This indicates problems during sampling. See https://arxiv.org/abs/1903.08008 for details
05:00:55  INFO      pymc.stats.convergence — The rhat statistic is larger than 1.01 for some parameters. This indicates problems during sampling. See https://arxiv.org/abs/1903.08008 for details
The effective sample size per chain is smaller than 100 for some parameters.  A higher number is needed for reliable rhat and ess computation. See https://arxiv.org/abs/1903.08008 for details
05:00:55  ERROR     pymc.stats.convergence — The effective sample size per chain is smaller than 100 for some parameters.  A higher number is needed for reliable rhat and ess computation. See https://arxiv.org/abs/1903.08008 for details
05:00:55  INFO      src.bayesian_model — Computing subsampled LOO …
05:01:08  INFO      src.bayesian_model — LOO subsample: 20000 / 600421 obs, log_lik array 1280.0 MB
05:01:08  INFO      src.bayesian_model — reff=0.010
/home2/sanchit27/miniconda3/lib/python3.10/site-packages/arviz/stats/stats.py:1042: RuntimeWarning: overflow encountered in exp
  weights = 1 / np.exp(len_scale - len_scale[:, None]).sum(axis=1)
/home2/sanchit27/miniconda3/lib/python3.10/site-packages/numpy/_core/_methods.py:52: RuntimeWarning: overflow encountered in reduce
  return umr_sum(a, axis, dtype, out, keepdims, initial, where)
05:01:53  INFO      src.bayesian_model — LOO ELPD=-1207.36 (SE=130.93)
05:01:53  INFO      src.bayesian_model — Sampling complete.
05:01:55  INFO      src.bayesian_model — Saved InferenceData to /tmp/psycholingu/results/metrics/06_bayes_surprisal_vs_entropy_gpt2.nc
05:02:10  INFO      src.bayesian_model — Saved posterior plot to /tmp/psycholingu/results/figures/posterior_betas.png
05:02:10  INFO      src.bayesian_model — Saved forest plot to /tmp/psycholingu/results/figures/forest_plot.png
05:02:10  INFO      pipeline — Fitting Bayesian model: surprisal_vs_entropy_bert  predictors=['bert_base_uncased_surprisal', 'bert_base_uncased_entropy']
05:02:10  INFO      src.bayesian_model — Fitting on 835700 observations after dropping NaN rows.
05:02:12  INFO      src.bayesian_model — Sampling: 2000 draws, 1000 tune, 4 chains (target_accept=0.90) …
Initializing NUTS using jitter+adapt_diag...
05:02:12  INFO      pymc.sampling.mcmc — Initializing NUTS using jitter+adapt_diag...
Multiprocess sampling (4 chains in 4 jobs)
05:02:16  INFO      pymc.sampling.mcmc — Multiprocess sampling (4 chains in 4 jobs)
NUTS: [intercept, beta_bert_base_uncased_surprisal, beta_bert_base_uncased_entropy, sigma_u0, u0_raw, sigma_eps]
05:02:16  INFO      pymc.sampling.mcmc — NUTS: [intercept, beta_bert_base_uncased_surprisal, beta_bert_base_uncased_entropy, sigma_u0, u0_raw, sigma_eps]
                                                                                
                              Step      Grad      Sampli…                       
  Progre…   Draws   Diverg…   size      evals     Speed     Elapsed   Remaini…  
 ────────────────────────────────────────────────────────────────────────────── 
  ━━━━━━━   3000    0         0.04      31        1.78      1:28:57   0:00:00   
                                                  s/draws                       
  ━━━━━━━   3000    0         0.02      63        2.78      2:19:06   0:00:00   
                                                  s/draws                       
  ━━━━━━━   3000    0         0.00      63        4.39      3:39:39   0:00:00   
                                                  s/draws                       
  ━━━━━━━   3000    0         0.02      127       2.28      1:53:56   0:00:00   
                                                  s/draws                       
                                                                                
Sampling 4 chains for 1_000 tune and 2_000 draw iterations (4_000 + 8_000 draws total) took 13179 seconds.
08:41:56  INFO      pymc.sampling.mcmc — Sampling 4 chains for 1_000 tune and 2_000 draw iterations (4_000 + 8_000 draws total) took 13179 seconds.
The rhat statistic is larger than 1.01 for some parameters. This indicates problems during sampling. See https://arxiv.org/abs/1903.08008 for details
08:41:58  INFO      pymc.stats.convergence — The rhat statistic is larger than 1.01 for some parameters. This indicates problems during sampling. See https://arxiv.org/abs/1903.08008 for details
The effective sample size per chain is smaller than 100 for some parameters.  A higher number is needed for reliable rhat and ess computation. See https://arxiv.org/abs/1903.08008 for details
08:41:58  ERROR     pymc.stats.convergence — The effective sample size per chain is smaller than 100 for some parameters.  A higher number is needed for reliable rhat and ess computation. See https://arxiv.org/abs/1903.08008 for details
08:41:58  INFO      src.bayesian_model — Computing subsampled LOO …
08:42:08  INFO      src.bayesian_model — LOO subsample: 20000 / 835700 obs, log_lik array 1280.0 MB
08:42:08  INFO      src.bayesian_model — reff=0.010
/home2/sanchit27/miniconda3/lib/python3.10/site-packages/arviz/stats/stats.py:1042: RuntimeWarning: overflow encountered in exp
  weights = 1 / np.exp(len_scale - len_scale[:, None]).sum(axis=1)
/home2/sanchit27/miniconda3/lib/python3.10/site-packages/numpy/_core/_methods.py:52: RuntimeWarning: overflow encountered in reduce
  return umr_sum(a, axis, dtype, out, keepdims, initial, where)
08:42:53  INFO      src.bayesian_model — LOO ELPD=-1365.01 (SE=138.23)
08:42:53  INFO      src.bayesian_model — Sampling complete.
08:42:54  INFO      src.bayesian_model — Saved InferenceData to /tmp/psycholingu/results/metrics/06_bayes_surprisal_vs_entropy_bert.nc
08:43:08  INFO      src.bayesian_model — Saved posterior plot to /tmp/psycholingu/results/figures/posterior_betas.png
08:43:09  INFO      src.bayesian_model — Saved forest plot to /tmp/psycholingu/results/figures/forest_plot.png
08:43:09  INFO      pipeline — Fitting Bayesian model: surprisal_vs_entropy_t5  predictors=['t5_base_surprisal', 't5_base_entropy']
08:43:09  INFO      src.bayesian_model — Fitting on 835700 observations after dropping NaN rows.
08:43:10  INFO      src.bayesian_model — Sampling: 2000 draws, 1000 tune, 4 chains (target_accept=0.90) …
Initializing NUTS using jitter+adapt_diag...
08:43:10  INFO      pymc.sampling.mcmc — Initializing NUTS using jitter+adapt_diag...
Multiprocess sampling (4 chains in 4 jobs)
08:43:12  INFO      pymc.sampling.mcmc — Multiprocess sampling (4 chains in 4 jobs)
NUTS: [intercept, beta_t5_base_surprisal, beta_t5_base_entropy, sigma_u0, u0_raw, sigma_eps]
08:43:12  INFO      pymc.sampling.mcmc — NUTS: [intercept, beta_t5_base_surprisal, beta_t5_base_entropy, sigma_u0, u0_raw, sigma_eps]
                                                                                
                              Step      Grad      Sampli…                       
  Progre…   Draws   Diverg…   size      evals     Speed     Elapsed   Remaini…  
 ────────────────────────────────────────────────────────────────────────────── 
  ━━━━━━━   3000    0         0.03      63        2.55      2:07:27   0:00:00   
                                                  s/draws                       
  ━━━━━━━   3000    0         0.03      127       5.84      4:51:48   0:00:00   
                                                  s/draws                       
  ━━━━━━━   3000    0         0.03      127       5.94      4:57:02   0:00:00   
                                                  s/draws                       
  ━━━━━━━   3000    0         0.03      63        2.99      2:29:39   0:00:00   
                                                  s/draws                       
                                                                                
Sampling 4 chains for 1_000 tune and 2_000 draw iterations (4_000 + 8_000 draws total) took 17823 seconds.
13:40:15  INFO      pymc.sampling.mcmc — Sampling 4 chains for 1_000 tune and 2_000 draw iterations (4_000 + 8_000 draws total) took 17823 seconds.
The rhat statistic is larger than 1.01 for some parameters. This indicates problems during sampling. See https://arxiv.org/abs/1903.08008 for details
13:40:17  INFO      pymc.stats.convergence — The rhat statistic is larger than 1.01 for some parameters. This indicates problems during sampling. See https://arxiv.org/abs/1903.08008 for details
The effective sample size per chain is smaller than 100 for some parameters.  A higher number is needed for reliable rhat and ess computation. See https://arxiv.org/abs/1903.08008 for details
13:40:17  ERROR     pymc.stats.convergence — The effective sample size per chain is smaller than 100 for some parameters.  A higher number is needed for reliable rhat and ess computation. See https://arxiv.org/abs/1903.08008 for details
13:40:17  INFO      src.bayesian_model — Computing subsampled LOO …
13:40:27  INFO      src.bayesian_model — LOO subsample: 20000 / 835700 obs, log_lik array 1280.0 MB
13:40:27  INFO      src.bayesian_model — reff=0.010
/home2/sanchit27/miniconda3/lib/python3.10/site-packages/arviz/stats/stats.py:1042: RuntimeWarning: overflow encountered in exp
  weights = 1 / np.exp(len_scale - len_scale[:, None]).sum(axis=1)
13:41:12  INFO      src.bayesian_model — LOO ELPD=-1334.20 (SE=137.92)
13:41:12  INFO      src.bayesian_model — Sampling complete.
13:41:13  INFO      src.bayesian_model — Saved InferenceData to /tmp/psycholingu/results/metrics/06_bayes_surprisal_vs_entropy_t5.nc
13:41:25  INFO      src.bayesian_model — Saved posterior plot to /tmp/psycholingu/results/figures/posterior_betas.png
13:41:25  INFO      src.bayesian_model — Saved forest plot to /tmp/psycholingu/results/figures/forest_plot.png
13:41:25  INFO      pipeline — Fitting Bayesian model: full  predictors=['ngram_surprisal', 'gpt2_surprisal', 'bert_base_uncased_surprisal', 't5_base_surprisal', 'gpt2_entropy', 'bert_base_uncased_entropy', 't5_base_entropy', 'integration_cost']
13:41:25  WARNING   src.bayesian_model — Predictors missing from DataFrame (will skip): {'integration_cost'}
13:41:25  INFO      src.bayesian_model — Fitting on 600421 observations after dropping NaN rows.
13:41:27  INFO      src.bayesian_model — Sampling: 2000 draws, 1000 tune, 4 chains (target_accept=0.90) …
Initializing NUTS using jitter+adapt_diag...
13:41:28  INFO      pymc.sampling.mcmc — Initializing NUTS using jitter+adapt_diag...
Multiprocess sampling (4 chains in 4 jobs)
13:41:36  INFO      pymc.sampling.mcmc — Multiprocess sampling (4 chains in 4 jobs)
NUTS: [intercept, beta_ngram_surprisal, beta_gpt2_surprisal, beta_bert_base_uncased_surprisal, beta_t5_base_surprisal, beta_gpt2_entropy, beta_bert_base_uncased_entropy, beta_t5_base_entropy, sigma_u0, u0_raw, sigma_slope_gpt2_surprisal, u_slope_raw_gpt2_surprisal, sigma_eps]
13:41:36  INFO      pymc.sampling.mcmc — NUTS: [intercept, beta_ngram_surprisal, beta_gpt2_surprisal, beta_bert_base_uncased_surprisal, beta_t5_base_surprisal, beta_gpt2_entropy, beta_bert_base_uncased_entropy, beta_t5_base_entropy, sigma_u0, u0_raw, sigma_slope_gpt2_surprisal, u_slope_raw_gpt2_surprisal, sigma_eps]
slurmstepd: error: *** JOB 2608072 ON gnode077 CANCELLED AT 2026-04-17T00:18:33 ***
